2025-02-11 18:41:48,153 - Setting pinecone connection...
2025-02-11 18:41:48,160 - Loading vector database from Pinecone...
2025-02-11 18:41:48,167 - Discovering subpackages in _NamespacePath(['/home/codespace/.python/current/lib/python3.12/site-packages/pinecone_plugins'])
2025-02-11 18:41:48,168 - Looking for plugins in pinecone_plugins.inference
2025-02-11 18:41:48,197 - Installing plugin inference into Pinecone
2025-02-11 18:41:48,402 - Discovering subpackages in _NamespacePath(['/home/codespace/.python/current/lib/python3.12/site-packages/pinecone_plugins'])
2025-02-11 18:41:48,403 - Looking for plugins in pinecone_plugins.inference
2025-02-11 18:41:48,405 - Vector database loaded...
2025-02-11 18:53:43,102 - Setting pinecone connection...
2025-02-11 18:53:43,103 - Loading vector database from Pinecone...
2025-02-11 18:53:43,104 - Discovering subpackages in _NamespacePath(['/home/codespace/.python/current/lib/python3.12/site-packages/pinecone_plugins'])
2025-02-11 18:53:43,104 - Looking for plugins in pinecone_plugins.inference
2025-02-11 18:53:43,139 - Installing plugin inference into Pinecone
2025-02-11 18:53:43,167 - Setting pinecone connection...
2025-02-11 18:53:43,167 - Loading vector database from Pinecone...
2025-02-11 18:53:43,169 - Discovering subpackages in _NamespacePath(['/home/codespace/.python/current/lib/python3.12/site-packages/pinecone_plugins'])
2025-02-11 18:53:43,169 - Looking for plugins in pinecone_plugins.inference
2025-02-11 18:53:43,185 - Installing plugin inference into Pinecone
2025-02-11 18:53:43,328 - Discovering subpackages in _NamespacePath(['/home/codespace/.python/current/lib/python3.12/site-packages/pinecone_plugins'])
2025-02-11 18:53:43,329 - Looking for plugins in pinecone_plugins.inference
2025-02-11 18:53:43,339 - Vector database loaded...
2025-02-11 18:53:43,345 - Discovering subpackages in _NamespacePath(['/home/codespace/.python/current/lib/python3.12/site-packages/pinecone_plugins'])
2025-02-11 18:53:43,346 - Looking for plugins in pinecone_plugins.inference
2025-02-11 18:53:43,348 - Vector database loaded...
2025-02-11 19:06:17,867 - Setting pinecone connection...
2025-02-11 19:06:17,867 - Loading vector database from Pinecone...
2025-02-11 19:06:17,868 - Discovering subpackages in _NamespacePath(['/home/codespace/.python/current/lib/python3.12/site-packages/pinecone_plugins'])
2025-02-11 19:06:17,869 - Looking for plugins in pinecone_plugins.inference
2025-02-11 19:06:17,881 - Installing plugin inference into Pinecone
2025-02-11 19:06:18,181 - Discovering subpackages in _NamespacePath(['/home/codespace/.python/current/lib/python3.12/site-packages/pinecone_plugins'])
2025-02-11 19:06:18,182 - Looking for plugins in pinecone_plugins.inference
2025-02-11 19:06:18,184 - Vector database loaded...
2025-02-11 19:12:23,175 - Setting pinecone connection...
2025-02-11 19:12:23,175 - Loading vector database from Pinecone...
2025-02-11 19:12:23,176 - Discovering subpackages in _NamespacePath(['/home/codespace/.python/current/lib/python3.12/site-packages/pinecone_plugins'])
2025-02-11 19:12:23,177 - Looking for plugins in pinecone_plugins.inference
2025-02-11 19:12:23,189 - Installing plugin inference into Pinecone
2025-02-11 19:12:24,695 - Discovering subpackages in _NamespacePath(['/home/codespace/.python/current/lib/python3.12/site-packages/pinecone_plugins'])
2025-02-11 19:12:24,696 - Looking for plugins in pinecone_plugins.inference
2025-02-11 19:12:24,698 - Vector database loaded...
2025-02-11 20:30:17,653 - Setting pinecone connection...
2025-02-11 20:30:17,653 - Loading vector database from Pinecone...
2025-02-11 20:30:17,655 - Discovering subpackages in _NamespacePath(['/home/codespace/.python/current/lib/python3.12/site-packages/pinecone_plugins'])
2025-02-11 20:30:17,655 - Looking for plugins in pinecone_plugins.inference
2025-02-11 20:30:17,682 - Installing plugin inference into Pinecone
2025-02-11 20:30:19,823 - Discovering subpackages in _NamespacePath(['/home/codespace/.python/current/lib/python3.12/site-packages/pinecone_plugins'])
2025-02-11 20:30:19,824 - Looking for plugins in pinecone_plugins.inference
2025-02-11 20:30:19,826 - Vector database loaded...
2025-02-11 20:45:01,678 - Setting pinecone connection...
2025-02-11 20:45:01,679 - Loading vector database from Pinecone...
2025-02-11 20:45:01,680 - Discovering subpackages in _NamespacePath(['/home/codespace/.python/current/lib/python3.12/site-packages/pinecone_plugins'])
2025-02-11 20:45:01,680 - Looking for plugins in pinecone_plugins.inference
2025-02-11 20:45:01,703 - Installing plugin inference into Pinecone
2025-02-11 20:45:01,930 - Discovering subpackages in _NamespacePath(['/home/codespace/.python/current/lib/python3.12/site-packages/pinecone_plugins'])
2025-02-11 20:45:01,931 - Looking for plugins in pinecone_plugins.inference
2025-02-11 20:45:01,932 - Vector database loaded...
